<?xml version="1.0" encoding="UTF-8"?>
<!-- Generated by org.testng.reporters.JUnitXMLReporter -->
<testsuite hostname="NZWGTNLP54" ignored="0" name="Default test" tests="3" failures="0" timestamp="2020-04-08T14:29:43 NZST" time="25.991" errors="0">
  <testcase name="Post_Get_Delete_PetTest" time="11.801" classname="PetStore.APIAutomation.PetAPITest"/>
  <testcase name="Post_Get_Delete_PetTest" time="6.244" classname="PetStore.APIAutomation.PetAPITest"/>
  <testcase name="Post_Get_Delete_PetTest" time="7.881" classname="PetStore.APIAutomation.PetAPITest"/>
</testsuite> <!-- Default test -->
