<?xml version="1.0" encoding="UTF-8"?>
<!-- Generated by org.testng.reporters.JUnitXMLReporter -->
<testsuite hostname="NZWGTNLP54" ignored="0" name="Test" tests="3" failures="0" timestamp="2020-04-08T16:27:28 NZST" time="19.121" errors="0">
  <testcase name="Post_Get_Delete_PetTest" time="9.951" classname="PetStore.APIAutomation.PetAPITest"/>
  <testcase name="Post_Get_Delete_PetTest" time="4.522" classname="PetStore.APIAutomation.PetAPITest"/>
  <testcase name="Post_Get_Delete_PetTest" time="4.582" classname="PetStore.APIAutomation.PetAPITest"/>
</testsuite> <!-- Test -->
