<?xml version="1.0" encoding="UTF-8"?>
<testng-results skipped="0" failed="0" ignored="0" total="3" passed="3">
  <reporter-output>
  </reporter-output>
  <suite name="Suite" duration-ms="19121" started-at="2020-04-08T16:27:09 NZST" finished-at="2020-04-08T16:27:28 NZST">
    <groups>
    </groups>
    <test name="Test" duration-ms="19121" started-at="2020-04-08T16:27:09 NZST" finished-at="2020-04-08T16:27:28 NZST">
      <class name="PetStore.APIAutomation.PetAPITest">
        <test-method status="PASS" signature="Post_Get_Delete_PetTest(java.lang.String, java.lang.String, java.lang.String, java.lang.String)[pri:0, instance:PetStore.APIAutomation.PetAPITest@371a67ec]" name="Post_Get_Delete_PetTest" duration-ms="9951" started-at="2020-04-08T16:27:09 NZST" data-provider="testdata" finished-at="2020-04-08T16:27:19 NZST">
          <params>
            <param index="0">
              <value>
                <![CDATA[auto22]]>
              </value>
            </param>
            <param index="1">
              <value>
                <![CDATA[autoname22]]>
              </value>
            </param>
            <param index="2">
              <value>
                <![CDATA[autotagName22]]>
              </value>
            </param>
            <param index="3">
              <value>
                <![CDATA[available]]>
              </value>
            </param>
          </params>
          <reporter-output>
          </reporter-output>
        </test-method> <!-- Post_Get_Delete_PetTest -->
        <test-method status="PASS" signature="Post_Get_Delete_PetTest(java.lang.String, java.lang.String, java.lang.String, java.lang.String)[pri:0, instance:PetStore.APIAutomation.PetAPITest@371a67ec]" name="Post_Get_Delete_PetTest" duration-ms="4522" started-at="2020-04-08T16:27:19 NZST" data-provider="testdata" finished-at="2020-04-08T16:27:23 NZST">
          <params>
            <param index="0">
              <value>
                <![CDATA[auto33]]>
              </value>
            </param>
            <param index="1">
              <value>
                <![CDATA[autoname33]]>
              </value>
            </param>
            <param index="2">
              <value>
                <![CDATA[autotagName33]]>
              </value>
            </param>
            <param index="3">
              <value>
                <![CDATA[pending]]>
              </value>
            </param>
          </params>
          <reporter-output>
          </reporter-output>
        </test-method> <!-- Post_Get_Delete_PetTest -->
        <test-method status="PASS" signature="Post_Get_Delete_PetTest(java.lang.String, java.lang.String, java.lang.String, java.lang.String)[pri:0, instance:PetStore.APIAutomation.PetAPITest@371a67ec]" name="Post_Get_Delete_PetTest" duration-ms="4582" started-at="2020-04-08T16:27:23 NZST" data-provider="testdata" finished-at="2020-04-08T16:27:28 NZST">
          <params>
            <param index="0">
              <value>
                <![CDATA[auto55]]>
              </value>
            </param>
            <param index="1">
              <value>
                <![CDATA[autoname55]]>
              </value>
            </param>
            <param index="2">
              <value>
                <![CDATA[autotagName55]]>
              </value>
            </param>
            <param index="3">
              <value>
                <![CDATA[sold]]>
              </value>
            </param>
          </params>
          <reporter-output>
          </reporter-output>
        </test-method> <!-- Post_Get_Delete_PetTest -->
      </class> <!-- PetStore.APIAutomation.PetAPITest -->
    </test> <!-- Test -->
  </suite> <!-- Suite -->
</testng-results>
