<?xml version="1.0" encoding="UTF-8"?>
<testng-results skipped="0" failed="0" ignored="0" total="1" passed="1">
  <reporter-output>
  </reporter-output>
  <suite name="Suite" duration-ms="6625" started-at="2020-04-03T17:00:21 NZDT" finished-at="2020-04-03T17:00:28 NZDT">
    <groups>
    </groups>
    <test name="Test" duration-ms="6625" started-at="2020-04-03T17:00:21 NZDT" finished-at="2020-04-03T17:00:28 NZDT">
      <class name="PetStore.APIAutomation.APITest1">
        <test-method status="PASS" signature="TestCase1()[pri:0, instance:PetStore.APIAutomation.APITest1@6b57696f]" name="TestCase1" duration-ms="6569" started-at="2020-04-03T17:00:21 NZDT" finished-at="2020-04-03T17:00:28 NZDT">
          <reporter-output>
          </reporter-output>
        </test-method> <!-- TestCase1 -->
      </class> <!-- PetStore.APIAutomation.APITest1 -->
    </test> <!-- Test -->
  </suite> <!-- Suite -->
</testng-results>
